<?xml version="1.0" encoding="UTF-8"?>
<!-- Generated by org.testng.reporters.JUnitXMLReporter -->
<testsuite hostname="DESKTOP-0D58F7M" ignored="0" name="Test" tests="3" failures="2" timestamp="2020-05-22T22:55:07 IST" time="0.16" errors="0">
  <testcase name="Class_testcase1" time="0.019" classname="Booking.ListnerClass1"/>
  <testcase name="Class_testcase2" time="0.003" classname="Booking.ListnerClass1">
    <failure type="java.lang.AssertionError" message="expected [hi] but found [HI]">
      <![CDATA[java.lang.AssertionError: expected [hi] but found [HI]
at Booking.ListnerClass1.Class_testcase2(ListnerClass1.java:15)
at java.util.ArrayList.forEach(Unknown Source)
... Removed 32 stack frames]]>
    </failure>
  </testcase> <!-- Class_testcase2 -->
  <testcase name="Class2_testcase1" time="0.002" classname="Booking.ListenerClass2">
    <failure type="java.lang.AssertionError" message="expected [Jain] but found [Tushar]">
      <![CDATA[java.lang.AssertionError: expected [Jain] but found [Tushar]
at Booking.ListenerClass2.Class2_testcase1(ListenerClass2.java:11)
at java.util.ArrayList.forEach(Unknown Source)
... Removed 32 stack frames]]>
    </failure>
  </testcase> <!-- Class2_testcase1 -->
</testsuite> <!-- Test -->
